Start testing: Jul 28 14:06 CEST
----------------------------------------------------------
1/1 Testing: AddEven_test
1/1 Test: AddEven_test
Command: "/home/maciej/Documents/MyTasks/MaciejSalamonski/AddEven/build/AddEven-ut"
Directory: /home/maciej/Documents/MyTasks/MaciejSalamonski/AddEven/build
"AddEven_test" start time: Jul 28 14:06 CEST
Output:
----------------------------------------------------------
Running main() from /home/maciej/Documents/MyTasks/MaciejSalamonski/AddEven/build/googletest-src/googletest/src/gtest_main.cc
[==========] Running 10 tests from 1 test suite.
[----------] Global test environment set-up.
[----------] 10 tests from AddEvenTest/AddEven
[ RUN      ] AddEvenTest/AddEven.CheckingIfSumOnlyConsistsOfEvenNumbers/0
[       OK ] AddEvenTest/AddEven.CheckingIfSumOnlyConsistsOfEvenNumbers/0 (0 ms)
[ RUN      ] AddEvenTest/AddEven.CheckingIfSumOnlyConsistsOfEvenNumbers/1
[       OK ] AddEvenTest/AddEven.CheckingIfSumOnlyConsistsOfEvenNumbers/1 (0 ms)
[ RUN      ] AddEvenTest/AddEven.CheckingIfSumOnlyConsistsOfEvenNumbers/2
[       OK ] AddEvenTest/AddEven.CheckingIfSumOnlyConsistsOfEvenNumbers/2 (0 ms)
[ RUN      ] AddEvenTest/AddEven.CheckingIfSumOnlyConsistsOfEvenNumbers/3
[       OK ] AddEvenTest/AddEven.CheckingIfSumOnlyConsistsOfEvenNumbers/3 (0 ms)
[ RUN      ] AddEvenTest/AddEven.CheckingIfSumOnlyConsistsOfEvenNumbers/4
[       OK ] AddEvenTest/AddEven.CheckingIfSumOnlyConsistsOfEvenNumbers/4 (0 ms)
[ RUN      ] AddEvenTest/AddEven.CheckingIfSumOnlyConsistsOfEvenNumbers/5
[       OK ] AddEvenTest/AddEven.CheckingIfSumOnlyConsistsOfEvenNumbers/5 (0 ms)
[ RUN      ] AddEvenTest/AddEven.CheckingIfSumOnlyConsistsOfEvenNumbers/6
[       OK ] AddEvenTest/AddEven.CheckingIfSumOnlyConsistsOfEvenNumbers/6 (0 ms)
[ RUN      ] AddEvenTest/AddEven.CheckingIfSumOnlyConsistsOfEvenNumbers/7
[       OK ] AddEvenTest/AddEven.CheckingIfSumOnlyConsistsOfEvenNumbers/7 (0 ms)
[ RUN      ] AddEvenTest/AddEven.CheckingIfSumOnlyConsistsOfEvenNumbers/8
[       OK ] AddEvenTest/AddEven.CheckingIfSumOnlyConsistsOfEvenNumbers/8 (0 ms)
[ RUN      ] AddEvenTest/AddEven.CheckingIfSumOnlyConsistsOfEvenNumbers/9
[       OK ] AddEvenTest/AddEven.CheckingIfSumOnlyConsistsOfEvenNumbers/9 (0 ms)
[----------] 10 tests from AddEvenTest/AddEven (0 ms total)

[----------] Global test environment tear-down
[==========] 10 tests from 1 test suite ran. (2 ms total)
[  PASSED  ] 10 tests.
<end of output>
Test time =   0.00 sec
----------------------------------------------------------
Test Passed.
"AddEven_test" end time: Jul 28 14:06 CEST
"AddEven_test" time elapsed: 00:00:00
----------------------------------------------------------

End testing: Jul 28 14:06 CEST
