Start testing: Aug 03 14:16 CEST
----------------------------------------------------------
1/1 Testing: VectorOfSharedPointers_test
1/1 Test: VectorOfSharedPointers_test
Command: "/home/maciej/Documents/MyTasks/MaciejSalamonski/VectorOfSharedPointers/build/VectorOfSharedPointers-ut"
Directory: /home/maciej/Documents/MyTasks/MaciejSalamonski/VectorOfSharedPointers/build
"VectorOfSharedPointers_test" start time: Aug 03 14:16 CEST
Output:
----------------------------------------------------------
Running main() from /home/maciej/Documents/MyTasks/MaciejSalamonski/VectorOfSharedPointers/build/googletest-src/googletest/src/gtest_main.cc
[==========] Running 6 tests from 1 test suite.
[----------] Global test environment set-up.
[----------] 6 tests from VectorOfSharedPointersTest
[ RUN      ] VectorOfSharedPointersTest.ShouldGenerateProperVectorWithProperSize
[       OK ] VectorOfSharedPointersTest.ShouldGenerateProperVectorWithProperSize (0 ms)
[ RUN      ] VectorOfSharedPointersTest.ShouldAddTenToEachElementOfVector
[       OK ] VectorOfSharedPointersTest.ShouldAddTenToEachElementOfVector (0 ms)
[ RUN      ] VectorOfSharedPointersTest.ShouldSubtractThenForPtr
[       OK ] VectorOfSharedPointersTest.ShouldSubtractThenForPtr (0 ms)
[ RUN      ] VectorOfSharedPointersTest.BehavioralTest
[       OK ] VectorOfSharedPointersTest.BehavioralTest (0 ms)
[ RUN      ] VectorOfSharedPointersTest.ShouldntSubtractForNullptr
[       OK ] VectorOfSharedPointersTest.ShouldntSubtractForNullptr (0 ms)
[ RUN      ] VectorOfSharedPointersTest.ShouldSubtractTenToEachElementOfVector
<end of output>
Test time =   0.29 sec
----------------------------------------------------------
Test Failed.
"VectorOfSharedPointers_test" end time: Aug 03 14:16 CEST
"VectorOfSharedPointers_test" time elapsed: 00:00:00
----------------------------------------------------------

End testing: Aug 03 14:16 CEST
