Start testing: Jul 27 20:32 CEST
----------------------------------------------------------
1/1 Testing: fibonacci-test
1/1 Test: fibonacci-test
Command: "/home/maciej/Documents/MyTasks/MaciejSalamonski/Fibonacci/build/fibonacci-ut"
Directory: /home/maciej/Documents/MyTasks/MaciejSalamonski/Fibonacci/build
"fibonacci-test" start time: Jul 27 20:32 CEST
Output:
----------------------------------------------------------
Running main() from /home/maciej/Documents/MyTasks/MaciejSalamonski/Fibonacci/build/googletest-src/googletest/src/gtest_main.cc
[==========] Running 24 tests from 1 test suite.
[----------] Global test environment set-up.
[----------] 24 tests from FibonacciTest/Fibonacci
[ RUN      ] FibonacciTest/Fibonacci.ShouldCalculateFibonacciIteratively/0
[       OK ] FibonacciTest/Fibonacci.ShouldCalculateFibonacciIteratively/0 (0 ms)
[ RUN      ] FibonacciTest/Fibonacci.ShouldCalculateFibonacciIteratively/1
[       OK ] FibonacciTest/Fibonacci.ShouldCalculateFibonacciIteratively/1 (0 ms)
[ RUN      ] FibonacciTest/Fibonacci.ShouldCalculateFibonacciIteratively/2
[       OK ] FibonacciTest/Fibonacci.ShouldCalculateFibonacciIteratively/2 (0 ms)
[ RUN      ] FibonacciTest/Fibonacci.ShouldCalculateFibonacciIteratively/3
[       OK ] FibonacciTest/Fibonacci.ShouldCalculateFibonacciIteratively/3 (0 ms)
[ RUN      ] FibonacciTest/Fibonacci.ShouldCalculateFibonacciIteratively/4
[       OK ] FibonacciTest/Fibonacci.ShouldCalculateFibonacciIteratively/4 (0 ms)
[ RUN      ] FibonacciTest/Fibonacci.ShouldCalculateFibonacciIteratively/5
[       OK ] FibonacciTest/Fibonacci.ShouldCalculateFibonacciIteratively/5 (0 ms)
[ RUN      ] FibonacciTest/Fibonacci.ShouldCalculateFibonacciIteratively/6
[       OK ] FibonacciTest/Fibonacci.ShouldCalculateFibonacciIteratively/6 (0 ms)
[ RUN      ] FibonacciTest/Fibonacci.ShouldCalculateFibonacciIteratively/7
[       OK ] FibonacciTest/Fibonacci.ShouldCalculateFibonacciIteratively/7 (0 ms)
[ RUN      ] FibonacciTest/Fibonacci.ShouldCalculateFibonacciIteratively/8
[       OK ] FibonacciTest/Fibonacci.ShouldCalculateFibonacciIteratively/8 (0 ms)
[ RUN      ] FibonacciTest/Fibonacci.ShouldCalculateFibonacciIteratively/9
[       OK ] FibonacciTest/Fibonacci.ShouldCalculateFibonacciIteratively/9 (0 ms)
[ RUN      ] FibonacciTest/Fibonacci.ShouldCalculateFibonacciIteratively/10
[       OK ] FibonacciTest/Fibonacci.ShouldCalculateFibonacciIteratively/10 (0 ms)
[ RUN      ] FibonacciTest/Fibonacci.ShouldCalculateFibonacciIteratively/11
[       OK ] FibonacciTest/Fibonacci.ShouldCalculateFibonacciIteratively/11 (0 ms)
[ RUN      ] FibonacciTest/Fibonacci.ShouldCalculateFibonacciRecursively/0
[       OK ] FibonacciTest/Fibonacci.ShouldCalculateFibonacciRecursively/0 (0 ms)
[ RUN      ] FibonacciTest/Fibonacci.ShouldCalculateFibonacciRecursively/1
[       OK ] FibonacciTest/Fibonacci.ShouldCalculateFibonacciRecursively/1 (0 ms)
[ RUN      ] FibonacciTest/Fibonacci.ShouldCalculateFibonacciRecursively/2
[       OK ] FibonacciTest/Fibonacci.ShouldCalculateFibonacciRecursively/2 (0 ms)
[ RUN      ] FibonacciTest/Fibonacci.ShouldCalculateFibonacciRecursively/3
[       OK ] FibonacciTest/Fibonacci.ShouldCalculateFibonacciRecursively/3 (0 ms)
[ RUN      ] FibonacciTest/Fibonacci.ShouldCalculateFibonacciRecursively/4
[       OK ] FibonacciTest/Fibonacci.ShouldCalculateFibonacciRecursively/4 (0 ms)
[ RUN      ] FibonacciTest/Fibonacci.ShouldCalculateFibonacciRecursively/5
[       OK ] FibonacciTest/Fibonacci.ShouldCalculateFibonacciRecursively/5 (0 ms)
[ RUN      ] FibonacciTest/Fibonacci.ShouldCalculateFibonacciRecursively/6
[       OK ] FibonacciTest/Fibonacci.ShouldCalculateFibonacciRecursively/6 (0 ms)
[ RUN      ] FibonacciTest/Fibonacci.ShouldCalculateFibonacciRecursively/7
[       OK ] FibonacciTest/Fibonacci.ShouldCalculateFibonacciRecursively/7 (0 ms)
[ RUN      ] FibonacciTest/Fibonacci.ShouldCalculateFibonacciRecursively/8
[       OK ] FibonacciTest/Fibonacci.ShouldCalculateFibonacciRecursively/8 (0 ms)
[ RUN      ] FibonacciTest/Fibonacci.ShouldCalculateFibonacciRecursively/9
[       OK ] FibonacciTest/Fibonacci.ShouldCalculateFibonacciRecursively/9 (0 ms)
[ RUN      ] FibonacciTest/Fibonacci.ShouldCalculateFibonacciRecursively/10
[       OK ] FibonacciTest/Fibonacci.ShouldCalculateFibonacciRecursively/10 (0 ms)
[ RUN      ] FibonacciTest/Fibonacci.ShouldCalculateFibonacciRecursively/11
[       OK ] FibonacciTest/Fibonacci.ShouldCalculateFibonacciRecursively/11 (0 ms)
[----------] 24 tests from FibonacciTest/Fibonacci (1 ms total)

[----------] Global test environment tear-down
[==========] 24 tests from 1 test suite ran. (2 ms total)
[  PASSED  ] 24 tests.
<end of output>
Test time =   0.01 sec
----------------------------------------------------------
Test Passed.
"fibonacci-test" end time: Jul 27 20:32 CEST
"fibonacci-test" time elapsed: 00:00:00
----------------------------------------------------------

End testing: Jul 27 20:32 CEST
